/home/marwan/camera_tracking/install/realsense_aruco_tracking/lib/python3.12/site-packages/realsense_aruco_tracking/ArUcoDetector.py
/home/marwan/camera_tracking/install/realsense_aruco_tracking/lib/python3.12/site-packages/realsense_aruco_tracking/TrajectoryTracker.py
/home/marwan/camera_tracking/install/realsense_aruco_tracking/lib/python3.12/site-packages/realsense_aruco_tracking/__init__.py
/home/marwan/camera_tracking/install/realsense_aruco_tracking/lib/python3.12/site-packages/realsense_aruco_tracking/ArUcoGenerator.py
/home/marwan/camera_tracking/install/realsense_aruco_tracking/lib/python3.12/site-packages/realsense_aruco_tracking/aruco_pose_node.py
/home/marwan/camera_tracking/install/realsense_aruco_tracking/lib/python3.12/site-packages/realsense_aruco_tracking/Camera.py
/home/marwan/camera_tracking/install/realsense_aruco_tracking/lib/python3.12/site-packages/realsense_aruco_tracking/__pycache__/ArUcoDetector.cpython-312.pyc
/home/marwan/camera_tracking/install/realsense_aruco_tracking/lib/python3.12/site-packages/realsense_aruco_tracking/__pycache__/TrajectoryTracker.cpython-312.pyc
/home/marwan/camera_tracking/install/realsense_aruco_tracking/lib/python3.12/site-packages/realsense_aruco_tracking/__pycache__/__init__.cpython-312.pyc
/home/marwan/camera_tracking/install/realsense_aruco_tracking/lib/python3.12/site-packages/realsense_aruco_tracking/__pycache__/ArUcoGenerator.cpython-312.pyc
/home/marwan/camera_tracking/install/realsense_aruco_tracking/lib/python3.12/site-packages/realsense_aruco_tracking/__pycache__/aruco_pose_node.cpython-312.pyc
/home/marwan/camera_tracking/install/realsense_aruco_tracking/lib/python3.12/site-packages/realsense_aruco_tracking/__pycache__/Camera.cpython-312.pyc
/home/marwan/camera_tracking/install/realsense_aruco_tracking/share/ament_index/resource_index/packages/realsense_aruco_tracking
/home/marwan/camera_tracking/install/realsense_aruco_tracking/share/realsense_aruco_tracking/package.xml
/home/marwan/camera_tracking/install/realsense_aruco_tracking/share/realsense_aruco_tracking/config
/home/marwan/camera_tracking/install/realsense_aruco_tracking/share/realsense_aruco_tracking/calibration
/home/marwan/camera_tracking/install/realsense_aruco_tracking/share/realsense_aruco_tracking/models
/home/marwan/camera_tracking/install/realsense_aruco_tracking/lib/python3.12/site-packages/realsense_aruco_tracking-0.0.0-py3.12.egg-info/entry_points.txt
/home/marwan/camera_tracking/install/realsense_aruco_tracking/lib/python3.12/site-packages/realsense_aruco_tracking-0.0.0-py3.12.egg-info/requires.txt
/home/marwan/camera_tracking/install/realsense_aruco_tracking/lib/python3.12/site-packages/realsense_aruco_tracking-0.0.0-py3.12.egg-info/PKG-INFO
/home/marwan/camera_tracking/install/realsense_aruco_tracking/lib/python3.12/site-packages/realsense_aruco_tracking-0.0.0-py3.12.egg-info/top_level.txt
/home/marwan/camera_tracking/install/realsense_aruco_tracking/lib/python3.12/site-packages/realsense_aruco_tracking-0.0.0-py3.12.egg-info/zip-safe
/home/marwan/camera_tracking/install/realsense_aruco_tracking/lib/python3.12/site-packages/realsense_aruco_tracking-0.0.0-py3.12.egg-info/SOURCES.txt
/home/marwan/camera_tracking/install/realsense_aruco_tracking/lib/python3.12/site-packages/realsense_aruco_tracking-0.0.0-py3.12.egg-info/dependency_links.txt
/home/marwan/camera_tracking/install/realsense_aruco_tracking/lib/realsense_aruco_tracking/tracker
