running egg_info
creating ../../build/realsense_aruco_tracking/realsense_aruco_tracking.egg-info
writing ../../build/realsense_aruco_tracking/realsense_aruco_tracking.egg-info/PKG-INFO
writing dependency_links to ../../build/realsense_aruco_tracking/realsense_aruco_tracking.egg-info/dependency_links.txt
writing entry points to ../../build/realsense_aruco_tracking/realsense_aruco_tracking.egg-info/entry_points.txt
writing requirements to ../../build/realsense_aruco_tracking/realsense_aruco_tracking.egg-info/requires.txt
writing top-level names to ../../build/realsense_aruco_tracking/realsense_aruco_tracking.egg-info/top_level.txt
writing manifest file '../../build/realsense_aruco_tracking/realsense_aruco_tracking.egg-info/SOURCES.txt'
reading manifest file '../../build/realsense_aruco_tracking/realsense_aruco_tracking.egg-info/SOURCES.txt'
writing manifest file '../../build/realsense_aruco_tracking/realsense_aruco_tracking.egg-info/SOURCES.txt'
running build
running build_py
creating /home/marwan/camera_tracking/build/realsense_aruco_tracking/build/lib/realsense_aruco_tracking
copying realsense_aruco_tracking/ArUcoDetector.py -> /home/marwan/camera_tracking/build/realsense_aruco_tracking/build/lib/realsense_aruco_tracking
copying realsense_aruco_tracking/TrajectoryTracker.py -> /home/marwan/camera_tracking/build/realsense_aruco_tracking/build/lib/realsense_aruco_tracking
copying realsense_aruco_tracking/__init__.py -> /home/marwan/camera_tracking/build/realsense_aruco_tracking/build/lib/realsense_aruco_tracking
copying realsense_aruco_tracking/ArUcoGenerator.py -> /home/marwan/camera_tracking/build/realsense_aruco_tracking/build/lib/realsense_aruco_tracking
copying realsense_aruco_tracking/aruco_pose_node.py -> /home/marwan/camera_tracking/build/realsense_aruco_tracking/build/lib/realsense_aruco_tracking
copying realsense_aruco_tracking/Camera.py -> /home/marwan/camera_tracking/build/realsense_aruco_tracking/build/lib/realsense_aruco_tracking
running install
running install_lib
creating /home/marwan/camera_tracking/install/realsense_aruco_tracking/lib/python3.12/site-packages/realsense_aruco_tracking
copying /home/marwan/camera_tracking/build/realsense_aruco_tracking/build/lib/realsense_aruco_tracking/ArUcoDetector.py -> /home/marwan/camera_tracking/install/realsense_aruco_tracking/lib/python3.12/site-packages/realsense_aruco_tracking
copying /home/marwan/camera_tracking/build/realsense_aruco_tracking/build/lib/realsense_aruco_tracking/TrajectoryTracker.py -> /home/marwan/camera_tracking/install/realsense_aruco_tracking/lib/python3.12/site-packages/realsense_aruco_tracking
copying /home/marwan/camera_tracking/build/realsense_aruco_tracking/build/lib/realsense_aruco_tracking/__init__.py -> /home/marwan/camera_tracking/install/realsense_aruco_tracking/lib/python3.12/site-packages/realsense_aruco_tracking
copying /home/marwan/camera_tracking/build/realsense_aruco_tracking/build/lib/realsense_aruco_tracking/ArUcoGenerator.py -> /home/marwan/camera_tracking/install/realsense_aruco_tracking/lib/python3.12/site-packages/realsense_aruco_tracking
copying /home/marwan/camera_tracking/build/realsense_aruco_tracking/build/lib/realsense_aruco_tracking/aruco_pose_node.py -> /home/marwan/camera_tracking/install/realsense_aruco_tracking/lib/python3.12/site-packages/realsense_aruco_tracking
copying /home/marwan/camera_tracking/build/realsense_aruco_tracking/build/lib/realsense_aruco_tracking/Camera.py -> /home/marwan/camera_tracking/install/realsense_aruco_tracking/lib/python3.12/site-packages/realsense_aruco_tracking
byte-compiling /home/marwan/camera_tracking/install/realsense_aruco_tracking/lib/python3.12/site-packages/realsense_aruco_tracking/ArUcoDetector.py to ArUcoDetector.cpython-312.pyc
byte-compiling /home/marwan/camera_tracking/install/realsense_aruco_tracking/lib/python3.12/site-packages/realsense_aruco_tracking/TrajectoryTracker.py to TrajectoryTracker.cpython-312.pyc
byte-compiling /home/marwan/camera_tracking/install/realsense_aruco_tracking/lib/python3.12/site-packages/realsense_aruco_tracking/__init__.py to __init__.cpython-312.pyc
byte-compiling /home/marwan/camera_tracking/install/realsense_aruco_tracking/lib/python3.12/site-packages/realsense_aruco_tracking/ArUcoGenerator.py to ArUcoGenerator.cpython-312.pyc
byte-compiling /home/marwan/camera_tracking/install/realsense_aruco_tracking/lib/python3.12/site-packages/realsense_aruco_tracking/aruco_pose_node.py to aruco_pose_node.cpython-312.pyc
byte-compiling /home/marwan/camera_tracking/install/realsense_aruco_tracking/lib/python3.12/site-packages/realsense_aruco_tracking/Camera.py to Camera.cpython-312.pyc
running install_data
creating /home/marwan/camera_tracking/install/realsense_aruco_tracking/share/ament_index/resource_index/packages
copying resource/realsense_aruco_tracking -> /home/marwan/camera_tracking/install/realsense_aruco_tracking/share/ament_index/resource_index/packages
copying package.xml -> /home/marwan/camera_tracking/install/realsense_aruco_tracking/share/realsense_aruco_tracking
creating /home/marwan/camera_tracking/install/realsense_aruco_tracking/share/realsense_aruco_tracking/config
creating /home/marwan/camera_tracking/install/realsense_aruco_tracking/share/realsense_aruco_tracking/calibration
creating /home/marwan/camera_tracking/install/realsense_aruco_tracking/share/realsense_aruco_tracking/models
running install_egg_info
Copying ../../build/realsense_aruco_tracking/realsense_aruco_tracking.egg-info to /home/marwan/camera_tracking/install/realsense_aruco_tracking/lib/python3.12/site-packages/realsense_aruco_tracking-0.0.0-py3.12.egg-info
running install_scripts
Installing tracker script to /home/marwan/camera_tracking/install/realsense_aruco_tracking/lib/realsense_aruco_tracking
writing list of installed files to '/home/marwan/camera_tracking/build/realsense_aruco_tracking/install.log'
